<?xml version="1.0" encoding="UTF-8"?>
<!-- Generated by org.testng.reporters.JUnitReportReporter -->
<testsuite hostname="Vishnu" failures="0" tests="5" name="rest.ComplexRequestResponse.CreateMultipleDataByDataProvider" time="19.012" errors="0" timestamp="2021-05-30T14:51:13 IST" skipped="0">
  <testcase classname="rest.ComplexRequestResponse.CreateMultipleDataByDataProvider" name="createProjectByMultipleByDataProvider" time="0.177"/>
  <system-out/>
  <testcase classname="rest.ComplexRequestResponse.CreateMultipleDataByDataProvider" name="createProjectByMultipleByDataProvider" time="0.194"/>
  <system-out/>
  <testcase classname="rest.ComplexRequestResponse.CreateMultipleDataByDataProvider" name="createProjectByMultipleByDataProvider" time="0.114"/>
  <system-out/>
  <testcase classname="rest.ComplexRequestResponse.CreateMultipleDataByDataProvider" name="createProjectByMultipleByDataProvider" time="17.198"/>
  <system-out/>
  <testcase classname="rest.ComplexRequestResponse.CreateMultipleDataByDataProvider" name="createProjectByMultipleByDataProvider" time="1.329"/>
  <system-out/>
</testsuite> <!-- rest.ComplexRequestResponse.CreateMultipleDataByDataProvider -->
