<?xml version="1.0" encoding="UTF-8"?>
<!-- Generated by org.testng.reporters.JUnitReportReporter -->
<testsuite hostname="Vishnu" failures="0" tests="4" name="saturn.com.RestAssured.CreateProject" time="9.027" errors="0" timestamp="2021-05-29T02:18:17 IST" skipped="0">
  <testcase classname="saturn.com.RestAssured.CreateProject" name="addProjectByBDD" time="8.528"/>
  <system-out/>
  <testcase classname="saturn.com.RestAssured.CreateProject" name="addProjectByMap" time="0.175"/>
  <system-out/>
  <testcase classname="saturn.com.RestAssured.CreateProject" name="createProjectByPojo" time="0.280"/>
  <system-out/>
  <testcase classname="saturn.com.RestAssured.CreateProject" name="addProject" time="0.044"/>
  <system-out/>
</testsuite> <!-- saturn.com.RestAssured.CreateProject -->
