<?xml version="1.0" encoding="UTF-8"?>
<!-- Generated by org.testng.reporters.JUnitReportReporter -->
<testsuite hostname="Vishnu" failures="0" tests="1" name="saturn.com.RestAssured.DeleteProject" time="9.952" errors="0" timestamp="2021-05-26T02:31:03 IST" skipped="0">
  <testcase classname="saturn.com.RestAssured.DeleteProject" name="deleteProjectByBDD" time="9.952"/>
  <system-out/>
</testsuite> <!-- saturn.com.RestAssured.DeleteProject -->
