<?xml version="1.0" encoding="UTF-8"?>
<!-- Generated by org.testng.reporters.JUnitReportReporter -->
<testsuite hostname="Vishnu" failures="0" tests="1" name="rest.ParameterAuthentication.BearerTokenByGitHub" time="6.881" errors="0" timestamp="2021-05-30T17:58:23 IST" skipped="0">
  <testcase classname="rest.ParameterAuthentication.BearerTokenByGitHub" name="authenticatingByBearerToken" time="6.881"/>
  <system-out/>
</testsuite> <!-- rest.ParameterAuthentication.BearerTokenByGitHub -->
