<?xml version="1.0" encoding="UTF-8"?>
<!-- Generated by org.testng.reporters.JUnitReportReporter -->
<testsuite hostname="Vishnu" failures="0" tests="2" name="saturn.com.RestAssured.GetAllProjects" time="5.015" errors="0" timestamp="2021-05-29T02:25:18 IST" skipped="0">
  <testcase classname="saturn.com.RestAssured.GetAllProjects" name="getAllProject" time="0.033"/>
  <system-out/>
  <testcase classname="saturn.com.RestAssured.GetAllProjects" name="getAllProjectsByBDD" time="4.982"/>
  <system-out/>
</testsuite> <!-- saturn.com.RestAssured.GetAllProjects -->
