<?xml version="1.0" encoding="UTF-8"?>
<!-- Generated by org.testng.reporters.JUnitReportReporter -->
<testsuite hostname="Vishnu" failures="0" tests="1" name="saturn.com.RestAssured.SamplePrac1" time="8.065" errors="0" timestamp="2021-05-25T02:54:28 IST" skipped="0">
  <testcase classname="saturn.com.RestAssured.SamplePrac1" name="getAllProject" time="8.065"/>
  <system-out/>
</testsuite> <!-- saturn.com.RestAssured.SamplePrac1 -->
