<?xml version="1.0" encoding="UTF-8"?>
<!-- Generated by org.testng.reporters.JUnitReportReporter -->
<testsuite hostname="Vishnu" failures="0" tests="1" name="rest.ComplexRequestResponse.ValidateComplexDyanmicResponse" time="5.166" errors="0" timestamp="2021-05-30T15:55:38 IST" skipped="0">
  <testcase classname="rest.ComplexRequestResponse.ValidateComplexDyanmicResponse" name="validateComplexResponseDynamically" time="5.166"/>
  <system-out/>
</testsuite> <!-- rest.ComplexRequestResponse.ValidateComplexDyanmicResponse -->
