<?xml version="1.0" encoding="UTF-8"?>
<!-- Generated by org.testng.reporters.JUnitReportReporter -->
<testsuite hostname="Vishnu" failures="0" tests="1" name="saturn.com.RestAssured.GetSingleProject" time="4.768" errors="0" timestamp="2021-05-25T23:06:04 IST" skipped="0">
  <testcase classname="saturn.com.RestAssured.GetSingleProject" name="getSingleProject" time="4.768"/>
  <system-out/>
</testsuite> <!-- saturn.com.RestAssured.GetSingleProject -->
