<?xml version="1.0" encoding="UTF-8"?>
<!-- Generated by org.testng.reporters.JUnitReportReporter -->
<testsuite hostname="Vishnu" failures="0" tests="2" name="saturn.com.RestAssured.UpdateProject" time="5.950" errors="0" timestamp="2021-05-26T01:20:59 IST" skipped="0">
  <testcase classname="saturn.com.RestAssured.UpdateProject" name="updateProject" time="5.496"/>
  <system-out/>
  <testcase classname="saturn.com.RestAssured.UpdateProject" name="updateProjectByBDD" time="0.454"/>
  <system-out/>
</testsuite> <!-- saturn.com.RestAssured.UpdateProject -->
